GET /products at time 16:39:34 GMT+0530 (India Standard Time)
GET /users at time 16:39:46 GMT+0530 (India Standard Time)
GET /users?page=2 at time 16:40:00 GMT+0530 (India Standard Time)
GET /users?page=3 at time 16:40:04 GMT+0530 (India Standard Time)
GET /reviews at time 16:41:03 GMT+0530 (India Standard Time)
GET /users?sort=name&order=asc at time 16:41:17 GMT+0530 (India Standard Time)
GET /users?sort=name&order=desc at time 16:41:30 GMT+0530 (India Standard Time)
GET /users?sort=name&order=desc at time 16:52:02 GMT+0530 (India Standard Time)
GET /products at time 16:52:12 GMT+0530 (India Standard Time)
GET /products at time 16:52:41 GMT+0530 (India Standard Time)
DELETE /products at time 16:53:18 GMT+0530 (India Standard Time)
GET /products at time 16:53:24 GMT+0530 (India Standard Time)
GET /products at time 16:55:35 GMT+0530 (India Standard Time)
GET /users at time 16:56:58 GMT+0530 (India Standard Time)
GET / at time 17:14:48 GMT+0530 (India Standard Time)
GET /users at time 17:15:00 GMT+0530 (India Standard Time)
GET / at time 17:15:04 GMT+0530 (India Standard Time)
GET / at time 17:16:24 GMT+0530 (India Standard Time)
GET / at time 17:16:56 GMT+0530 (India Standard Time)
GET / at time 17:16:56 GMT+0530 (India Standard Time)
GET / at time 17:17:45 GMT+0530 (India Standard Time)
GET / at time 17:17:46 GMT+0530 (India Standard Time)
GET / at time 17:18:27 GMT+0530 (India Standard Time)
GET / at time 17:18:27 GMT+0530 (India Standard Time)
GET / at time 17:20:16 GMT+0530 (India Standard Time)
GET / at time 17:20:17 GMT+0530 (India Standard Time)
GET / at time 17:22:43 GMT+0530 (India Standard Time)
GET / at time 17:39:02 GMT+0530 (India Standard Time)
GET / at time 17:39:03 GMT+0530 (India Standard Time)
GET / at time 17:41:27 GMT+0530 (India Standard Time)
GET / at time 17:43:41 GMT+0530 (India Standard Time)
GET / at time 17:45:08 GMT+0530 (India Standard Time)
GET / at time 17:45:08 GMT+0530 (India Standard Time)
GET / at time 17:48:39 GMT+0530 (India Standard Time)
GET /bootstrap-5.1.3-dist/css/bootstrap.min.css at time 17:48:39 GMT+0530 (India Standard Time)
GET /bootstrap-5.1.3-dist/css/bootstrap.min.css at time 17:48:39 GMT+0530 (India Standard Time)
GET / at time 17:49:18 GMT+0530 (India Standard Time)
GET /bootstrap-5.1.3-dist/css/bootstrap.min.js at time 17:49:18 GMT+0530 (India Standard Time)
GET /bootstrap-5.1.3-dist/css/bootstrap.min.css at time 17:49:18 GMT+0530 (India Standard Time)
GET /bootstrap-5.1.3-dist/css/bootstrap.min.css.map at time 17:49:18 GMT+0530 (India Standard Time)
GET / at time 17:49:48 GMT+0530 (India Standard Time)
GET /bootstrap-5.1.3-dist/css/bootstrap.min.js at time 17:49:48 GMT+0530 (India Standard Time)
GET /bootstrap-5.1.3-dist/css/bootstrap.min.js at time 17:49:48 GMT+0530 (India Standard Time)
GET / at time 17:50:42 GMT+0530 (India Standard Time)
GET /bootstrap-5.1.3-dist/css/bootstrap.min.css at time 17:50:42 GMT+0530 (India Standard Time)
GET /bootstrap-5.1.3-dist/css/bootstrap.min.js at time 17:50:42 GMT+0530 (India Standard Time)
GET /bootstrap-5.1.3-dist/css/bootstrap.min.css.map at time 17:50:42 GMT+0530 (India Standard Time)
GET /page/products at time 18:03:29 GMT+0530 (India Standard Time)
GET /bootstrap-5.1.3-dist/css/bootstrap.min.css at time 18:03:30 GMT+0530 (India Standard Time)
GET /bootstrap-5.1.3-dist/css/bootstrap.min.js at time 18:03:30 GMT+0530 (India Standard Time)
GET /page at time 18:03:37 GMT+0530 (India Standard Time)
GET / at time 18:03:42 GMT+0530 (India Standard Time)
GET /bootstrap-5.1.3-dist/css/bootstrap.min.css at time 18:03:42 GMT+0530 (India Standard Time)
GET /bootstrap-5.1.3-dist/css/bootstrap.min.js at time 18:03:42 GMT+0530 (India Standard Time)
GET /page/products at time 18:03:47 GMT+0530 (India Standard Time)
GET /bootstrap-5.1.3-dist/css/bootstrap.min.css at time 18:03:47 GMT+0530 (India Standard Time)
GET /bootstrap-5.1.3-dist/css/bootstrap.min.js at time 18:03:47 GMT+0530 (India Standard Time)
GET /users at time 19:23:16 GMT+0530 (India Standard Time)
POST /users/61ded93476b79b151f6d0c1b at time 19:24:45 GMT+0530 (India Standard Time)
DELETE /users/61ded93476b79b151f6d0c1b at time 19:25:05 GMT+0530 (India Standard Time)
GET /users/61ded93476b79b151f6d0c1b at time 19:25:14 GMT+0530 (India Standard Time)
POST /users/61ded93476b79b151f6d0c at time 19:25:23 GMT+0530 (India Standard Time)
GET /bootstrap-5.1.3-dist/css/bootstrap.min.css at time 19:25:30 GMT+0530 (India Standard Time)
GET /bootstrap-5.1.3-dist/css/bootstrap.min.js at time 19:25:30 GMT+0530 (India Standard Time)
GET /favicon.ico at time 19:25:31 GMT+0530 (India Standard Time)
GET /page/users at time 19:25:38 GMT+0530 (India Standard Time)
GET /bootstrap-5.1.3-dist/css/bootstrap.min.css at time 19:25:38 GMT+0530 (India Standard Time)
GET /bootstrap-5.1.3-dist/css/bootstrap.min.js at time 19:25:38 GMT+0530 (India Standard Time)
GET /favicon.ico at time 19:25:39 GMT+0530 (India Standard Time)
GET / at time 19:25:46 GMT+0530 (India Standard Time)
GET /bootstrap-5.1.3-dist/css/bootstrap.min.css at time 19:25:46 GMT+0530 (India Standard Time)
GET /bootstrap-5.1.3-dist/css/bootstrap.min.js at time 19:25:46 GMT+0530 (India Standard Time)
GET /favicon.ico at time 19:25:46 GMT+0530 (India Standard Time)
GET /users at time 19:25:54 GMT+0530 (India Standard Time)
GET /favicon.ico at time 19:25:55 GMT+0530 (India Standard Time)
GET /page/users at time 19:26:13 GMT+0530 (India Standard Time)
GET /bootstrap-5.1.3-dist/css/bootstrap.min.css at time 19:26:13 GMT+0530 (India Standard Time)
GET /bootstrap-5.1.3-dist/css/bootstrap.min.js at time 19:26:13 GMT+0530 (India Standard Time)
GET /favicon.ico at time 19:26:13 GMT+0530 (India Standard Time)
GET /users at time 09:17:28 GMT+0530 (India Standard Time)
PUT /users/61ded93476b79b151f6d0c1a at time 09:35:01 GMT+0530 (India Standard Time)
GET /users/ at time 09:40:19 GMT+0530 (India Standard Time)
POST /users/ at time 09:41:03 GMT+0530 (India Standard Time)
POST /users/ at time 09:46:12 GMT+0530 (India Standard Time)
POST /users/ at time 09:47:28 GMT+0530 (India Standard Time)
POST /users/ at time 09:48:18 GMT+0530 (India Standard Time)
PUT /users/61e0f98a07142e09f7bc0c24 at time 09:49:10 GMT+0530 (India Standard Time)
GET /page/users at time 10:11:32 GMT+0530 (India Standard Time)
GET /bootstrap-5.1.3-dist/css/bootstrap.min.css at time 10:11:40 GMT+0530 (India Standard Time)
GET /bootstrap-5.1.3-dist/css/bootstrap.min.js at time 10:11:40 GMT+0530 (India Standard Time)
GET /favicon.ico at time 10:11:42 GMT+0530 (India Standard Time)
GET /page/products at time 10:12:20 GMT+0530 (India Standard Time)
GET /bootstrap-5.1.3-dist/css/bootstrap.min.css at time 10:12:21 GMT+0530 (India Standard Time)
GET /bootstrap-5.1.3-dist/css/bootstrap.min.js at time 10:12:21 GMT+0530 (India Standard Time)
GET /page/users at time 10:12:29 GMT+0530 (India Standard Time)
GET /bootstrap-5.1.3-dist/css/bootstrap.min.css at time 10:12:29 GMT+0530 (India Standard Time)
GET /bootstrap-5.1.3-dist/css/bootstrap.min.js at time 10:12:29 GMT+0530 (India Standard Time)
GET /page/users at time 10:13:06 GMT+0530 (India Standard Time)
GET /bootstrap-5.1.3-dist/css/bootstrap.min.css at time 10:13:06 GMT+0530 (India Standard Time)
GET /bootstrap-5.1.3-dist/css/bootstrap.min.js at time 10:13:06 GMT+0530 (India Standard Time)
GET / at time 10:13:36 GMT+0530 (India Standard Time)
GET /bootstrap-5.1.3-dist/css/bootstrap.min.css at time 10:13:36 GMT+0530 (India Standard Time)
GET /bootstrap-5.1.3-dist/css/bootstrap.min.js at time 10:13:36 GMT+0530 (India Standard Time)
GET /page/users at time 10:13:53 GMT+0530 (India Standard Time)
GET /bootstrap-5.1.3-dist/css/bootstrap.min.css at time 10:13:53 GMT+0530 (India Standard Time)
GET /bootstrap-5.1.3-dist/css/bootstrap.min.js at time 10:13:53 GMT+0530 (India Standard Time)
GET /bootstrap-5.1.3-dist/css/bootstrap.min.css at time 10:45:52 GMT+0530 (India Standard Time)
GET /bootstrap-5.1.3-dist/css/bootstrap.min.js at time 10:45:52 GMT+0530 (India Standard Time)
GET /page/products at time 11:01:06 GMT+0530 (India Standard Time)
GET /page/products at time 11:01:36 GMT+0530 (India Standard Time)
GET /bootstrap-5.1.3-dist/css/bootstrap.min.css at time 11:01:36 GMT+0530 (India Standard Time)
GET /bootstrap-5.1.3-dist/css/bootstrap.min.js at time 11:01:36 GMT+0530 (India Standard Time)
GET /page/products at time 11:01:36 GMT+0530 (India Standard Time)
GET /bootstrap-5.1.3-dist/css/bootstrap.min.css at time 11:01:36 GMT+0530 (India Standard Time)
GET /bootstrap-5.1.3-dist/css/bootstrap.min.js at time 11:01:36 GMT+0530 (India Standard Time)
GET /page/products at time 11:08:37 GMT+0530 (India Standard Time)
GET /bootstrap-5.1.3-dist/css/bootstrap.min.css at time 11:08:37 GMT+0530 (India Standard Time)
GET /bootstrap-5.1.3-dist/css/bootstrap.min.js at time 11:08:37 GMT+0530 (India Standard Time)
GET /page/products at time 11:08:38 GMT+0530 (India Standard Time)
GET /bootstrap-5.1.3-dist/css/bootstrap.min.css at time 11:08:38 GMT+0530 (India Standard Time)
GET /bootstrap-5.1.3-dist/css/bootstrap.min.js at time 11:08:38 GMT+0530 (India Standard Time)
GET /page/products at time 11:09:13 GMT+0530 (India Standard Time)
GET /bootstrap-5.1.3-dist/css/bootstrap.min.css at time 11:09:13 GMT+0530 (India Standard Time)
GET /bootstrap-5.1.3-dist/css/bootstrap.min.js at time 11:09:13 GMT+0530 (India Standard Time)
GET /bootstrap-5.1.3-dist/css/bootstrap.min.css at time 11:09:23 GMT+0530 (India Standard Time)
GET /bootstrap-5.1.3-dist/css/bootstrap.min.css.map at time 11:09:23 GMT+0530 (India Standard Time)
GET /page/products at time 11:12:42 GMT+0530 (India Standard Time)
GET /bootstrap-5.1.3-dist/css/bootstrap.min.css at time 11:12:42 GMT+0530 (India Standard Time)
GET /bootstrap-5.1.3-dist/css/bootstrap.min.js at time 11:12:42 GMT+0530 (India Standard Time)
GET /bootstrap-5.1.3-dist/css/bootstrap.min.css.map at time 11:12:42 GMT+0530 (India Standard Time)
GET /page/products at time 11:15:04 GMT+0530 (India Standard Time)
GET /bootstrap-5.1.3-dist/css/bootstrap.min.css at time 11:15:04 GMT+0530 (India Standard Time)
GET /bootstrap-5.1.3-dist/css/bootstrap.min.js at time 11:15:04 GMT+0530 (India Standard Time)
GET /bootstrap-5.1.3-dist/css/bootstrap.min.css.map at time 11:15:04 GMT+0530 (India Standard Time)
GET /page/products at time 11:15:41 GMT+0530 (India Standard Time)
GET /bootstrap-5.1.3-dist/css/bootstrap.min.css at time 11:15:41 GMT+0530 (India Standard Time)
GET /bootstrap-5.1.3-dist/css/bootstrap.min.js at time 11:15:41 GMT+0530 (India Standard Time)
GET /bootstrap-5.1.3-dist/css/bootstrap.min.css.map at time 11:15:41 GMT+0530 (India Standard Time)
GET /page/products at time 11:16:00 GMT+0530 (India Standard Time)
GET /bootstrap-5.1.3-dist/css/bootstrap.min.css at time 11:16:00 GMT+0530 (India Standard Time)
GET /bootstrap-5.1.3-dist/css/bootstrap.min.js at time 11:16:00 GMT+0530 (India Standard Time)
GET /bootstrap-5.1.3-dist/css/bootstrap.min.css.map at time 11:16:00 GMT+0530 (India Standard Time)
PUT /prodcuts at time 11:19:17 GMT+0530 (India Standard Time)
GET /prodcuts at time 11:19:26 GMT+0530 (India Standard Time)
GET /prodcuts at time 11:19:36 GMT+0530 (India Standard Time)
GET /prodcuts/ at time 11:19:38 GMT+0530 (India Standard Time)
GET /prodcuts at time 11:19:43 GMT+0530 (India Standard Time)
GET /prodcuts at time 11:19:49 GMT+0530 (India Standard Time)
GET /page/products at time 11:34:24 GMT+0530 (India Standard Time)
GET /bootstrap-5.1.3-dist/css/bootstrap.min.css at time 11:34:24 GMT+0530 (India Standard Time)
GET /bootstrap-5.1.3-dist/css/bootstrap.min.js at time 11:34:24 GMT+0530 (India Standard Time)
GET /page/products at time 11:34:29 GMT+0530 (India Standard Time)
GET /bootstrap-5.1.3-dist/css/bootstrap.min.css at time 11:34:29 GMT+0530 (India Standard Time)
GET /bootstrap-5.1.3-dist/css/bootstrap.min.js at time 11:34:29 GMT+0530 (India Standard Time)
GET / at time 11:34:33 GMT+0530 (India Standard Time)
GET /bootstrap-5.1.3-dist/css/bootstrap.min.css at time 11:34:33 GMT+0530 (India Standard Time)
GET /bootstrap-5.1.3-dist/css/bootstrap.min.js at time 11:34:33 GMT+0530 (India Standard Time)
GET /page/products at time 11:34:35 GMT+0530 (India Standard Time)
GET /bootstrap-5.1.3-dist/css/bootstrap.min.css at time 11:34:35 GMT+0530 (India Standard Time)
GET /bootstrap-5.1.3-dist/css/bootstrap.min.js at time 11:34:35 GMT+0530 (India Standard Time)
GET /page/products at time 11:34:58 GMT+0530 (India Standard Time)
GET /bootstrap-5.1.3-dist/css/bootstrap.min.js at time 11:34:58 GMT+0530 (India Standard Time)
GET /bootstrap-5.1.3-dist/css/bootstrap.min.css at time 11:34:58 GMT+0530 (India Standard Time)
GET / at time 11:35:02 GMT+0530 (India Standard Time)
GET /bootstrap-5.1.3-dist/css/bootstrap.min.css at time 11:35:02 GMT+0530 (India Standard Time)
GET /bootstrap-5.1.3-dist/css/bootstrap.min.js at time 11:35:02 GMT+0530 (India Standard Time)
GET / at time 11:35:19 GMT+0530 (India Standard Time)
GET /bootstrap-5.1.3-dist/css/bootstrap.min.js at time 11:35:20 GMT+0530 (India Standard Time)
GET /bootstrap-5.1.3-dist/css/bootstrap.min.css at time 11:35:20 GMT+0530 (India Standard Time)
GET /page/products at time 11:35:21 GMT+0530 (India Standard Time)
GET /bootstrap-5.1.3-dist/css/bootstrap.min.css at time 11:35:21 GMT+0530 (India Standard Time)
GET /bootstrap-5.1.3-dist/css/bootstrap.min.js at time 11:35:21 GMT+0530 (India Standard Time)
GET /prodcuts at time 12:54:46 GMT+0530 (India Standard Time)
GET /prodcuts at time 12:55:21 GMT+0530 (India Standard Time)
GET /products at time 12:56:09 GMT+0530 (India Standard Time)
GET /products at time 12:56:31 GMT+0530 (India Standard Time)
GET /products at time 12:58:54 GMT+0530 (India Standard Time)
GET /products at time 13:00:32 GMT+0530 (India Standard Time)
GET /products/61de62cd6616cea9ec09a0ef at time 13:00:40 GMT+0530 (India Standard Time)
GET /products/ at time 13:00:47 GMT+0530 (India Standard Time)
GET /page/products at time 13:01:34 GMT+0530 (India Standard Time)
GET /bootstrap-5.1.3-dist/css/bootstrap.min.css at time 13:01:35 GMT+0530 (India Standard Time)
GET /bootstrap-5.1.3-dist/css/bootstrap.min.js at time 13:01:35 GMT+0530 (India Standard Time)
GET /favicon.ico at time 13:01:37 GMT+0530 (India Standard Time)
GET /products/61de62cd6616cea9ec09a0ee/reviews at time 13:01:53 GMT+0530 (India Standard Time)
GET /products/ at time 13:02:19 GMT+0530 (India Standard Time)
POST /products/reviews/revie at time 13:02:35 GMT+0530 (India Standard Time)
GET /products/ at time 13:02:48 GMT+0530 (India Standard Time)
POST /products/review/61de62cd6616cea9ec09a0ee at time 13:03:07 GMT+0530 (India Standard Time)
POST /products/61de62cd6616cea9ec09a0ee/review at time 13:04:47 GMT+0530 (India Standard Time)
POST /products/61de62cd6616cea9ec09a0ee/review at time 13:06:53 GMT+0530 (India Standard Time)
GET /products at time 13:08:41 GMT+0530 (India Standard Time)
GET /page/products at time 13:08:53 GMT+0530 (India Standard Time)
GET /bootstrap-5.1.3-dist/css/bootstrap.min.css at time 13:08:53 GMT+0530 (India Standard Time)
GET /bootstrap-5.1.3-dist/css/bootstrap.min.js at time 13:08:53 GMT+0530 (India Standard Time)
GET / at time 13:08:55 GMT+0530 (India Standard Time)
GET /bootstrap-5.1.3-dist/css/bootstrap.min.css at time 13:08:55 GMT+0530 (India Standard Time)
GET /bootstrap-5.1.3-dist/css/bootstrap.min.js at time 13:08:55 GMT+0530 (India Standard Time)
GET /page/products at time 13:08:56 GMT+0530 (India Standard Time)
GET /bootstrap-5.1.3-dist/css/bootstrap.min.css at time 13:08:56 GMT+0530 (India Standard Time)
GET /bootstrap-5.1.3-dist/css/bootstrap.min.js at time 13:08:56 GMT+0530 (India Standard Time)
GET / at time 13:08:57 GMT+0530 (India Standard Time)
GET /bootstrap-5.1.3-dist/css/bootstrap.min.css at time 13:08:58 GMT+0530 (India Standard Time)
GET /bootstrap-5.1.3-dist/css/bootstrap.min.js at time 13:08:58 GMT+0530 (India Standard Time)
GET /page/products at time 13:08:59 GMT+0530 (India Standard Time)
GET /bootstrap-5.1.3-dist/css/bootstrap.min.css at time 13:08:59 GMT+0530 (India Standard Time)
GET /bootstrap-5.1.3-dist/css/bootstrap.min.js at time 13:08:59 GMT+0530 (India Standard Time)
GET /users at time 14:35:34 GMT+0530 (India Standard Time)
GET /products at time 14:35:51 GMT+0530 (India Standard Time)
GET /products at time 14:35:55 GMT+0530 (India Standard Time)
GET /products/61de62cd6616cea9ec09a0ee at time 14:36:09 GMT+0530 (India Standard Time)
GET /products/61de62cd6616cea9ec09a0ee at time 14:36:33 GMT+0530 (India Standard Time)
GET /products at time 14:36:43 GMT+0530 (India Standard Time)
GET /users at time 14:37:44 GMT+0530 (India Standard Time)
GET /products at time 14:37:58 GMT+0530 (India Standard Time)
GET /users at time 14:38:04 GMT+0530 (India Standard Time)
GET /products at time 14:38:28 GMT+0530 (India Standard Time)
GET /products at time 14:39:03 GMT+0530 (India Standard Time)
GET /products at time 14:57:16 GMT+0530 (India Standard Time)
GET /products/61de62cd6616cea9ec09a0ee at time 14:57:36 GMT+0530 (India Standard Time)
GET /products/ at time 14:58:06 GMT+0530 (India Standard Time)
POST /products/61de62cd6616cea9ec09a0ee/review at time 14:58:26 GMT+0530 (India Standard Time)
GET /products/ at time 14:58:49 GMT+0530 (India Standard Time)
POST /products/61de62cd6616cea9ec09a0ee/review at time 14:59:08 GMT+0530 (India Standard Time)
POST /products/ at time 15:01:57 GMT+0530 (India Standard Time)
GET /products/ at time 15:02:04 GMT+0530 (India Standard Time)
GET /products/ at time 15:03:15 GMT+0530 (India Standard Time)
GET /products at time 15:03:18 GMT+0530 (India Standard Time)
GET /products at time 15:05:55 GMT+0530 (India Standard Time)
GET /products at time 15:07:08 GMT+0530 (India Standard Time)
POST /products/61dea57e76b79b151f6d0c06/review at time 15:07:31 GMT+0530 (India Standard Time)
GET /products/61dea57e76b79b151f6d0c06 at time 15:07:48 GMT+0530 (India Standard Time)
GET /products/ at time 15:08:16 GMT+0530 (India Standard Time)
GET /products at time 15:10:11 GMT+0530 (India Standard Time)
GET /products/ at time 15:10:24 GMT+0530 (India Standard Time)
GET /products at time 15:11:32 GMT+0530 (India Standard Time)
GET /products at time 15:11:33 GMT+0530 (India Standard Time)
GET /products/ at time 15:12:24 GMT+0530 (India Standard Time)
GET /products at time 15:16:57 GMT+0530 (India Standard Time)
GET /products at time 15:17:29 GMT+0530 (India Standard Time)
GET /products at time 15:17:59 GMT+0530 (India Standard Time)
GET /products at time 15:18:00 GMT+0530 (India Standard Time)
GET /products/ at time 15:18:06 GMT+0530 (India Standard Time)
GET /products at time 15:18:50 GMT+0530 (India Standard Time)
GET /products at time 15:18:50 GMT+0530 (India Standard Time)
GET /products/61de62cd6616cea9ec09a0ee at time 15:19:09 GMT+0530 (India Standard Time)
GET /products/61de62cd6616cea9ec09a0ee at time 15:20:14 GMT+0530 (India Standard Time)
GET /products at time 15:20:19 GMT+0530 (India Standard Time)
GET /products at time 15:20:44 GMT+0530 (India Standard Time)
GET /users at time 15:22:59 GMT+0530 (India Standard Time)
GET /products/ at time 15:35:37 GMT+0530 (India Standard Time)
GET /auth/login at time 15:50:03 GMT+0530 (India Standard Time)
GET /auth/login at time 16:00:59 GMT+0530 (India Standard Time)
POST /auth/login at time 16:04:43 GMT+0530 (India Standard Time)
POST /auth/login at time 16:08:35 GMT+0530 (India Standard Time)
POST /auth/login at time 16:11:35 GMT+0530 (India Standard Time)
POST /auth/login at time 16:17:40 GMT+0530 (India Standard Time)
POST /users at time 16:36:24 GMT+0530 (India Standard Time)
POST /users at time 16:37:55 GMT+0530 (India Standard Time)
GET /user at time 16:38:14 GMT+0530 (India Standard Time)
POST /users at time 16:38:33 GMT+0530 (India Standard Time)
POST /users at time 16:38:42 GMT+0530 (India Standard Time)
GET /user at time 16:38:46 GMT+0530 (India Standard Time)
POST /users at time 16:39:09 GMT+0530 (India Standard Time)
GET /auth/login at time 16:39:28 GMT+0530 (India Standard Time)
POST /auth/login at time 16:39:53 GMT+0530 (India Standard Time)
POST /users at time 16:41:13 GMT+0530 (India Standard Time)
POST /users at time 16:41:31 GMT+0530 (India Standard Time)
POST /users at time 16:42:48 GMT+0530 (India Standard Time)
GET /users at time 16:43:01 GMT+0530 (India Standard Time)
GET /users at time 17:04:20 GMT+0530 (India Standard Time)
GET /users at time 17:18:14 GMT+0530 (India Standard Time)
GET /users at time 17:19:18 GMT+0530 (India Standard Time)
POST /auth/login at time 17:19:23 GMT+0530 (India Standard Time)
GET /users at time 17:19:29 GMT+0530 (India Standard Time)
POST /auth/login at time 17:19:54 GMT+0530 (India Standard Time)
GET /users at time 17:21:19 GMT+0530 (India Standard Time)
GET /users at time 17:21:44 GMT+0530 (India Standard Time)
GET /users at time 17:21:56 GMT+0530 (India Standard Time)
GET /users at time 17:24:02 GMT+0530 (India Standard Time)
GET /users at time 17:24:16 GMT+0530 (India Standard Time)
GET /users at time 17:25:14 GMT+0530 (India Standard Time)
GET /users at time 17:25:26 GMT+0530 (India Standard Time)
GET /users at time 17:41:47 GMT+0530 (India Standard Time)
GET /products at time 17:43:35 GMT+0530 (India Standard Time)
GET /favicon.ico at time 17:43:36 GMT+0530 (India Standard Time)
GET /users at time 17:44:12 GMT+0530 (India Standard Time)
POST /auth/login at time 17:44:32 GMT+0530 (India Standard Time)
GET /users at time 17:44:38 GMT+0530 (India Standard Time)
GET /users at time 18:00:29 GMT+0530 (India Standard Time)
GET /users at time 18:00:40 GMT+0530 (India Standard Time)
GET /users at time 18:00:51 GMT+0530 (India Standard Time)
GET /users at time 20:53:35 GMT+0530 (India Standard Time)
PUT /users/61ded8b476b79b151f6d0c17 at time 20:58:52 GMT+0530 (India Standard Time)
